{"D:\\aws-project\\src\\controller\\RimacController.ts": {"path":"D:\\aws-project\\src\\controller\\RimacController.ts","statementMap":{"0":{"start":{"line":14,"column":21},"end":{"line":14,"column":43}},"1":{"start":{"line":15,"column":24},"end":{"line":15,"column":44}},"2":{"start":{"line":16,"column":25},"end":{"line":16,"column":65}},"3":{"start":{"line":18,"column":8},"end":{"line":18,"column":78}},"4":{"start":{"line":31,"column":25},"end":{"line":31,"column":56}},"5":{"start":{"line":38,"column":8},"end":{"line":38,"column":67}}},"fnMap":{"0":{"name":"(anonymous_0)","decl":{"start":{"line":11,"column":4},"end":{"line":11,"column":5}},"loc":{"start":{"line":11,"column":38},"end":{"line":11,"column":40}},"line":11},"1":{"name":"(anonymous_1)","decl":{"start":{"line":13,"column":4},"end":{"line":13,"column":5}},"loc":{"start":{"line":13,"column":61},"end":{"line":28,"column":5}},"line":13},"2":{"name":"(anonymous_2)","decl":{"start":{"line":30,"column":4},"end":{"line":30,"column":5}},"loc":{"start":{"line":30,"column":49},"end":{"line":39,"column":5}},"line":30}},"branchMap":{},"s":{"0":1,"1":1,"2":1,"3":1,"4":1,"5":1},"f":{"0":2,"1":1,"2":1},"b":{},"_coverageSchema":"1a1c01bbd47fc00a2c39e90264f33305004495a9","hash":"8b4ce7e61b12a611139a56b71a08f8eb020eaf17"}
,"D:\\aws-project\\src\\model\\SwapiModel.ts": {"path":"D:\\aws-project\\src\\model\\SwapiModel.ts","statementMap":{"0":{"start":{"line":21,"column":8},"end":{"line":23,"column":9}},"1":{"start":{"line":22,"column":12},"end":{"line":22,"column":38}}},"fnMap":{"0":{"name":"(anonymous_0)","decl":{"start":{"line":20,"column":4},"end":{"line":20,"column":5}},"loc":{"start":{"line":20,"column":43},"end":{"line":24,"column":5}},"line":20}},"branchMap":{"0":{"loc":{"start":{"line":21,"column":8},"end":{"line":23,"column":9}},"type":"if","locations":[{"start":{"line":21,"column":8},"end":{"line":23,"column":9}},{"start":{},"end":{}}],"line":21}},"s":{"0":1,"1":1},"f":{"0":1},"b":{"0":[1,0]},"_coverageSchema":"1a1c01bbd47fc00a2c39e90264f33305004495a9","hash":"a9789d09dcfaa4285fef2fed3e5302f11ab094fb"}
,"D:\\aws-project\\src\\repository\\RimacRepository.ts": {"path":"D:\\aws-project\\src\\repository\\RimacRepository.ts","statementMap":{"0":{"start":{"line":5,"column":17},"end":{"line":5,"column":72}},"1":{"start":{"line":8,"column":8},"end":{"line":8,"column":33}},"2":{"start":{"line":9,"column":23},"end":{"line":12,"column":9}},"3":{"start":{"line":13,"column":8},"end":{"line":13,"column":45}},"4":{"start":{"line":14,"column":8},"end":{"line":14,"column":23}},"5":{"start":{"line":18,"column":39},"end":{"line":18,"column":41}},"6":{"start":{"line":19,"column":23},"end":{"line":21,"column":9}},"7":{"start":{"line":22,"column":24},"end":{"line":22,"column":61}},"8":{"start":{"line":23,"column":8},"end":{"line":25,"column":10}},"9":{"start":{"line":24,"column":12},"end":{"line":24,"column":57}},"10":{"start":{"line":27,"column":8},"end":{"line":27,"column":24}}},"fnMap":{"0":{"name":"(anonymous_0)","decl":{"start":{"line":7,"column":4},"end":{"line":7,"column":5}},"loc":{"start":{"line":7,"column":59},"end":{"line":15,"column":5}},"line":7},"1":{"name":"(anonymous_1)","decl":{"start":{"line":17,"column":4},"end":{"line":17,"column":5}},"loc":{"start":{"line":17,"column":40},"end":{"line":28,"column":5}},"line":17},"2":{"name":"(anonymous_2)","decl":{"start":{"line":23,"column":32},"end":{"line":23,"column":33}},"loc":{"start":{"line":23,"column":43},"end":{"line":25,"column":9}},"line":23}},"branchMap":{},"s":{"0":1,"1":0,"2":0,"3":0,"4":0,"5":0,"6":0,"7":0,"8":0,"9":0,"10":0},"f":{"0":0,"1":0,"2":0},"b":{},"_coverageSchema":"1a1c01bbd47fc00a2c39e90264f33305004495a9","hash":"2d81f307fae953d68dccf71657bcd6fb6cb1a308"}
,"D:\\aws-project\\src\\service\\RimacService.ts": {"path":"D:\\aws-project\\src\\service\\RimacService.ts","statementMap":{"0":{"start":{"line":11,"column":8},"end":{"line":11,"column":53}},"1":{"start":{"line":15,"column":8},"end":{"line":15,"column":44}}},"fnMap":{"0":{"name":"(anonymous_0)","decl":{"start":{"line":8,"column":4},"end":{"line":8,"column":5}},"loc":{"start":{"line":8,"column":38},"end":{"line":8,"column":40}},"line":8},"1":{"name":"(anonymous_1)","decl":{"start":{"line":10,"column":4},"end":{"line":10,"column":5}},"loc":{"start":{"line":10,"column":59},"end":{"line":12,"column":5}},"line":10},"2":{"name":"(anonymous_2)","decl":{"start":{"line":14,"column":4},"end":{"line":14,"column":5}},"loc":{"start":{"line":14,"column":40},"end":{"line":16,"column":5}},"line":14}},"branchMap":{},"s":{"0":1,"1":1},"f":{"0":2,"1":1,"2":1},"b":{},"_coverageSchema":"1a1c01bbd47fc00a2c39e90264f33305004495a9","hash":"7c8d29d547bbd5bae5fe4c25670b3dd361089593"}
,"D:\\aws-project\\src\\uilts\\Response.ts": {"path":"D:\\aws-project\\src\\uilts\\Response.ts","statementMap":{"0":{"start":{"line":5,"column":8},"end":{"line":8,"column":10}}},"fnMap":{"0":{"name":"(anonymous_0)","decl":{"start":{"line":4,"column":4},"end":{"line":4,"column":5}},"loc":{"start":{"line":4,"column":85},"end":{"line":9,"column":5}},"line":4}},"branchMap":{},"s":{"0":2},"f":{"0":2},"b":{},"_coverageSchema":"1a1c01bbd47fc00a2c39e90264f33305004495a9","hash":"70b60de947bd503ddda9d441f7b18e362e00a6a9"}
}
